2025-05-25 20:19:53,470 - INFO - Descargando Datos Desde Yahoo Finanzas...
2025-05-25 20:19:54,111 - INFO - Guardando Datos En SQLite...
2025-05-25 20:19:54,128 - INFO - Tabla msft_data Creada Con 9877 Registros.
2025-05-25 20:19:54,129 - INFO - Base De Datos SQLite Generada En: /home/runner/work/proyecto-integrado-v-datos-msft-analytics/proyecto-integrado-v-datos-msft-analytics/src/msft_analytics/static/data/historical.db
2025-05-25 20:19:54,148 - INFO - Guardando Datos En CSV...
2025-05-25 20:19:54,207 - INFO - Archivo CSV Generado En: /home/runner/work/proyecto-integrado-v-datos-msft-analytics/proyecto-integrado-v-datos-msft-analytics/src/msft_analytics/static/data/historical.csv
2025-05-25 20:19:54,207 - INFO - Proceso Completado Con Éxito.
2025-05-25 21:47:32,798 - INFO - Descargando Datos Desde Yahoo Finanzas...
2025-05-25 21:47:33,872 - INFO - Guardando Datos En SQLite...
2025-05-25 21:47:33,890 - INFO - Tabla msft_data Creada Con 9877 Registros.
2025-05-25 21:47:33,890 - INFO - Base De Datos SQLite Generada En: /home/runner/work/proyecto-integrado-v-datos-msft-analytics/proyecto-integrado-v-datos-msft-analytics/src/msft_analytics/static/data/historical.db
2025-05-25 21:47:33,909 - INFO - Guardando Datos En CSV...
2025-05-25 21:47:33,979 - INFO - Archivo CSV Generado En: /home/runner/work/proyecto-integrado-v-datos-msft-analytics/proyecto-integrado-v-datos-msft-analytics/src/msft_analytics/static/data/historical.csv
2025-05-25 21:47:33,979 - INFO - Proceso Completado Con Éxito.
2025-05-26 05:13:32,585 - INFO - Descargando Datos Desde Yahoo Finanzas...
2025-05-26 05:13:33,273 - INFO - Guardando Datos En SQLite...
2025-05-26 05:13:33,291 - INFO - Tabla msft_data Creada Con 9877 Registros.
2025-05-26 05:13:33,291 - INFO - Base De Datos SQLite Generada En: /home/runner/work/proyecto-integrado-v-datos-msft-analytics/proyecto-integrado-v-datos-msft-analytics/src/msft_analytics/static/data/historical.db
2025-05-26 05:13:33,310 - INFO - Guardando Datos En CSV...
2025-05-26 05:13:33,359 - INFO - Archivo CSV Generado En: /home/runner/work/proyecto-integrado-v-datos-msft-analytics/proyecto-integrado-v-datos-msft-analytics/src/msft_analytics/static/data/historical.csv
2025-05-26 05:13:33,359 - INFO - Proceso Completado Con Éxito.
