2025-05-25 20:21:24,936 - INFO - Cargando LSTM Desde: src/msft_analytics/static/models/model.pkl
2025-05-25 20:21:28,025 - INFO - LSTM Cargado Correctamente (Ventana=30)
2025-05-25 20:21:28,025 - INFO - Leyendo Datos Desde: src/msft_analytics/static/data/historical_enriched.csv
2025-05-25 20:21:28,054 - INFO - Datos Cargados Y Preprocesados Correctamente
2025-05-25 20:21:28,054 - INFO - Iniciando Predicción Para 7 Días
2025-05-25 20:21:28,514 - INFO - Predicción Completada Correctamente
2025-05-25 21:48:34,888 - INFO - Cargando LSTM Desde: src/msft_analytics/static/models/model.pkl
2025-05-25 21:48:37,658 - INFO - LSTM Cargado Correctamente (Ventana=30)
2025-05-25 21:48:37,658 - INFO - Leyendo Datos Desde: src/msft_analytics/static/data/historical_enriched.csv
2025-05-25 21:48:37,685 - INFO - Datos Cargados Y Preprocesados Correctamente
2025-05-25 21:48:37,685 - INFO - Iniciando Predicción Para 7 Días
2025-05-25 21:48:38,077 - INFO - Predicción Completada Correctamente
2025-05-26 05:14:46,353 - INFO - Cargando LSTM Desde: src/msft_analytics/static/models/model.pkl
2025-05-26 05:14:49,342 - INFO - LSTM Cargado Correctamente (Ventana=30)
2025-05-26 05:14:49,343 - INFO - Leyendo Datos Desde: src/msft_analytics/static/data/historical_enriched.csv
2025-05-26 05:14:49,371 - INFO - Datos Cargados Y Preprocesados Correctamente
2025-05-26 05:14:49,372 - INFO - Iniciando Predicción Para 7 Días
2025-05-26 05:14:49,817 - INFO - Predicción Completada Correctamente
2025-05-27 05:14:19,572 - INFO - Cargando LSTM Desde: src/msft_analytics/static/models/model.pkl
2025-05-27 05:14:22,333 - INFO - LSTM Cargado Correctamente (Ventana=30)
2025-05-27 05:14:22,333 - INFO - Leyendo Datos Desde: src/msft_analytics/static/data/historical_enriched.csv
2025-05-27 05:14:22,360 - INFO - Datos Cargados Y Preprocesados Correctamente
2025-05-27 05:14:22,360 - INFO - Iniciando Predicción Para 7 Días
2025-05-27 05:14:22,752 - INFO - Predicción Completada Correctamente
2025-05-28 05:14:22,947 - INFO - Cargando LSTM Desde: src/msft_analytics/static/models/model.pkl
2025-05-28 05:14:25,916 - INFO - LSTM Cargado Correctamente (Ventana=30)
2025-05-28 05:14:25,916 - INFO - Leyendo Datos Desde: src/msft_analytics/static/data/historical_enriched.csv
2025-05-28 05:14:25,945 - INFO - Datos Cargados Y Preprocesados Correctamente
2025-05-28 05:14:25,945 - INFO - Iniciando Predicción Para 7 Días
2025-05-28 05:14:26,386 - INFO - Predicción Completada Correctamente
2025-05-29 05:14:54,400 - INFO - Cargando LSTM Desde: src/msft_analytics/static/models/model.pkl
2025-05-29 05:14:57,160 - INFO - LSTM Cargado Correctamente (Ventana=30)
2025-05-29 05:14:57,160 - INFO - Leyendo Datos Desde: src/msft_analytics/static/data/historical_enriched.csv
2025-05-29 05:14:57,188 - INFO - Datos Cargados Y Preprocesados Correctamente
2025-05-29 05:14:57,188 - INFO - Iniciando Predicción Para 7 Días
2025-05-29 05:14:57,581 - INFO - Predicción Completada Correctamente
2025-05-30 05:14:23,599 - INFO - Cargando LSTM Desde: src/msft_analytics/static/models/model.pkl
2025-05-30 05:14:26,576 - INFO - LSTM Cargado Correctamente (Ventana=30)
2025-05-30 05:14:26,576 - INFO - Leyendo Datos Desde: src/msft_analytics/static/data/historical_enriched.csv
2025-05-30 05:14:26,603 - INFO - Datos Cargados Y Preprocesados Correctamente
2025-05-30 05:14:26,603 - INFO - Iniciando Predicción Para 7 Días
2025-05-30 05:14:27,004 - INFO - Predicción Completada Correctamente
2025-05-31 00:14:42,367 - INFO - Cargando LSTM Desde: src/msft_analytics/static/models/model.pkl
2025-05-31 00:14:45,254 - INFO - LSTM Cargado Correctamente (Ventana=30)
2025-05-31 00:14:45,254 - INFO - Leyendo Datos Desde: src/msft_analytics/static/data/historical_enriched.csv
2025-05-31 00:14:45,282 - INFO - Datos Cargados Y Preprocesados Correctamente
2025-05-31 00:14:45,282 - INFO - Iniciando Predicción Para 7 Días
2025-05-31 00:14:45,677 - INFO - Predicción Completada Correctamente
2025-05-31 05:13:07,263 - INFO - Cargando LSTM Desde: src/msft_analytics/static/models/model.pkl
2025-05-31 05:13:10,070 - INFO - LSTM Cargado Correctamente (Ventana=30)
2025-05-31 05:13:10,070 - INFO - Leyendo Datos Desde: src/msft_analytics/static/data/historical_enriched.csv
2025-05-31 05:13:10,098 - INFO - Datos Cargados Y Preprocesados Correctamente
2025-05-31 05:13:10,098 - INFO - Iniciando Predicción Para 7 Días
2025-05-31 05:13:10,492 - INFO - Predicción Completada Correctamente
2025-06-01 05:14:21,162 - INFO - Cargando LSTM Desde: src/msft_analytics/static/models/model.pkl
2025-06-01 05:14:23,962 - INFO - LSTM Cargado Correctamente (Ventana=30)
2025-06-01 05:14:23,962 - INFO - Leyendo Datos Desde: src/msft_analytics/static/data/historical_enriched.csv
2025-06-01 05:14:23,990 - INFO - Datos Cargados Y Preprocesados Correctamente
2025-06-01 05:14:23,990 - INFO - Iniciando Predicción Para 7 Días
2025-06-01 05:14:24,398 - INFO - Predicción Completada Correctamente
2025-06-02 05:15:22,121 - INFO - Cargando LSTM Desde: src/msft_analytics/static/models/model.pkl
2025-06-02 05:15:24,903 - INFO - LSTM Cargado Correctamente (Ventana=30)
2025-06-02 05:15:24,903 - INFO - Leyendo Datos Desde: src/msft_analytics/static/data/historical_enriched.csv
2025-06-02 05:15:24,930 - INFO - Datos Cargados Y Preprocesados Correctamente
2025-06-02 05:15:24,930 - INFO - Iniciando Predicción Para 7 Días
2025-06-02 05:15:25,332 - INFO - Predicción Completada Correctamente
2025-06-03 05:14:44,541 - INFO - Cargando LSTM Desde: src/msft_analytics/static/models/model.pkl
2025-06-03 05:14:47,330 - INFO - LSTM Cargado Correctamente (Ventana=30)
2025-06-03 05:14:47,330 - INFO - Leyendo Datos Desde: src/msft_analytics/static/data/historical_enriched.csv
2025-06-03 05:14:47,359 - INFO - Datos Cargados Y Preprocesados Correctamente
2025-06-03 05:14:47,359 - INFO - Iniciando Predicción Para 7 Días
2025-06-03 05:14:47,751 - INFO - Predicción Completada Correctamente
2025-06-04 05:14:10,513 - INFO - Cargando LSTM Desde: src/msft_analytics/static/models/model.pkl
2025-06-04 05:14:13,390 - INFO - LSTM Cargado Correctamente (Ventana=30)
2025-06-04 05:14:13,390 - INFO - Leyendo Datos Desde: src/msft_analytics/static/data/historical_enriched.csv
2025-06-04 05:14:13,419 - INFO - Datos Cargados Y Preprocesados Correctamente
2025-06-04 05:14:13,419 - INFO - Iniciando Predicción Para 7 Días
2025-06-04 05:14:13,821 - INFO - Predicción Completada Correctamente
2025-06-05 05:14:47,291 - INFO - Cargando LSTM Desde: src/msft_analytics/static/models/model.pkl
2025-06-05 05:14:50,114 - INFO - LSTM Cargado Correctamente (Ventana=30)
2025-06-05 05:14:50,114 - INFO - Leyendo Datos Desde: src/msft_analytics/static/data/historical_enriched.csv
2025-06-05 05:14:50,144 - INFO - Datos Cargados Y Preprocesados Correctamente
2025-06-05 05:14:50,144 - INFO - Iniciando Predicción Para 7 Días
2025-06-05 05:14:50,542 - INFO - Predicción Completada Correctamente
2025-06-06 05:15:14,419 - INFO - Cargando LSTM Desde: src/msft_analytics/static/models/model.pkl
2025-06-06 05:15:17,962 - INFO - LSTM Cargado Correctamente (Ventana=30)
2025-06-06 05:15:17,962 - INFO - Leyendo Datos Desde: src/msft_analytics/static/data/historical_enriched.csv
2025-06-06 05:15:17,998 - INFO - Datos Cargados Y Preprocesados Correctamente
2025-06-06 05:15:17,998 - INFO - Iniciando Predicción Para 7 Días
2025-06-06 05:15:18,430 - INFO - Predicción Completada Correctamente
2025-06-07 05:13:56,503 - INFO - Cargando LSTM Desde: src/msft_analytics/static/models/model.pkl
2025-06-07 05:13:59,283 - INFO - LSTM Cargado Correctamente (Ventana=30)
2025-06-07 05:13:59,284 - INFO - Leyendo Datos Desde: src/msft_analytics/static/data/historical_enriched.csv
2025-06-07 05:13:59,312 - INFO - Datos Cargados Y Preprocesados Correctamente
2025-06-07 05:13:59,312 - INFO - Iniciando Predicción Para 7 Días
2025-06-07 05:13:59,714 - INFO - Predicción Completada Correctamente
2025-06-08 05:13:37,601 - INFO - Cargando LSTM Desde: src/msft_analytics/static/models/model.pkl
2025-06-08 05:13:40,448 - INFO - LSTM Cargado Correctamente (Ventana=30)
2025-06-08 05:13:40,448 - INFO - Leyendo Datos Desde: src/msft_analytics/static/data/historical_enriched.csv
2025-06-08 05:13:40,478 - INFO - Datos Cargados Y Preprocesados Correctamente
2025-06-08 05:13:40,478 - INFO - Iniciando Predicción Para 7 Días
2025-06-08 05:13:40,884 - INFO - Predicción Completada Correctamente
2025-06-09 05:16:27,602 - INFO - Cargando LSTM Desde: src/msft_analytics/static/models/model.pkl
2025-06-09 05:16:30,422 - INFO - LSTM Cargado Correctamente (Ventana=30)
2025-06-09 05:16:30,422 - INFO - Leyendo Datos Desde: src/msft_analytics/static/data/historical_enriched.csv
2025-06-09 05:16:30,451 - INFO - Datos Cargados Y Preprocesados Correctamente
2025-06-09 05:16:30,451 - INFO - Iniciando Predicción Para 7 Días
2025-06-09 05:16:30,851 - INFO - Predicción Completada Correctamente
2025-06-10 05:16:27,132 - INFO - Cargando LSTM Desde: src/msft_analytics/static/models/model.pkl
2025-06-10 05:16:30,231 - INFO - LSTM Cargado Correctamente (Ventana=30)
2025-06-10 05:16:30,231 - INFO - Leyendo Datos Desde: src/msft_analytics/static/data/historical_enriched.csv
2025-06-10 05:16:30,260 - INFO - Datos Cargados Y Preprocesados Correctamente
2025-06-10 05:16:30,261 - INFO - Iniciando Predicción Para 7 Días
2025-06-10 05:16:30,700 - INFO - Predicción Completada Correctamente
2025-06-11 05:16:03,707 - INFO - Cargando LSTM Desde: src/msft_analytics/static/models/model.pkl
2025-06-11 05:16:06,577 - INFO - LSTM Cargado Correctamente (Ventana=30)
2025-06-11 05:16:06,577 - INFO - Leyendo Datos Desde: src/msft_analytics/static/data/historical_enriched.csv
2025-06-11 05:16:06,605 - INFO - Datos Cargados Y Preprocesados Correctamente
2025-06-11 05:16:06,605 - INFO - Iniciando Predicción Para 7 Días
2025-06-11 05:16:07,017 - INFO - Predicción Completada Correctamente
2025-06-12 05:14:07,995 - INFO - Cargando LSTM Desde: src/msft_analytics/static/models/model.pkl
2025-06-12 05:14:10,851 - INFO - LSTM Cargado Correctamente (Ventana=30)
2025-06-12 05:14:10,851 - INFO - Leyendo Datos Desde: src/msft_analytics/static/data/historical_enriched.csv
2025-06-12 05:14:10,879 - INFO - Datos Cargados Y Preprocesados Correctamente
2025-06-12 05:14:10,879 - INFO - Iniciando Predicción Para 7 Días
2025-06-12 05:14:11,267 - INFO - Predicción Completada Correctamente
2025-06-13 05:14:30,110 - INFO - Cargando LSTM Desde: src/msft_analytics/static/models/model.pkl
2025-06-13 05:14:32,954 - INFO - LSTM Cargado Correctamente (Ventana=30)
2025-06-13 05:14:32,955 - INFO - Leyendo Datos Desde: src/msft_analytics/static/data/historical_enriched.csv
2025-06-13 05:14:32,983 - INFO - Datos Cargados Y Preprocesados Correctamente
2025-06-13 05:14:32,984 - INFO - Iniciando Predicción Para 7 Días
2025-06-13 05:14:33,390 - INFO - Predicción Completada Correctamente
