2025-06-13 21:50:34,844 - INFO - Directorio De Modelos Creado.
2025-06-13 21:50:34,844 - INFO - Iniciando Entrenamiento Del Modelo LSTM...
2025-06-13 21:51:41,130 - INFO - RMSE: 6.0299
2025-06-13 21:51:41,130 - INFO - MAE: 4.6053
2025-06-13 21:51:41,130 - INFO - MAPE: 1.61%
2025-06-13 21:51:41,131 - INFO - R²: 0.9956
2025-06-13 21:51:41,131 - INFO - Realizando Predicción A 7 Días...
2025-06-14 05:12:40,887 - INFO - Iniciando Entrenamiento Del Modelo LSTM...
2025-06-14 05:14:07,972 - INFO - RMSE: 7.7773
2025-06-14 05:14:07,972 - INFO - MAE: 6.8783
2025-06-14 05:14:07,972 - INFO - MAPE: 2.45%
2025-06-14 05:14:07,972 - INFO - R²: 0.9927
2025-06-14 05:14:07,972 - INFO - Realizando Predicción A 7 Días...
2025-06-15 05:12:46,435 - INFO - Iniciando Entrenamiento Del Modelo LSTM...
2025-06-15 05:14:19,899 - INFO - RMSE: 26.9172
2025-06-15 05:14:19,899 - INFO - MAE: 24.9167
2025-06-15 05:14:19,899 - INFO - MAPE: 8.27%
2025-06-15 05:14:19,899 - INFO - R²: 0.9130
2025-06-15 05:14:19,899 - INFO - Realizando Predicción A 7 Días...
2025-06-16 05:15:21,115 - INFO - Iniciando Entrenamiento Del Modelo LSTM...
2025-06-16 05:16:36,757 - INFO - RMSE: 16.9953
2025-06-16 05:16:36,758 - INFO - MAE: 15.9366
2025-06-16 05:16:36,758 - INFO - MAPE: 5.47%
2025-06-16 05:16:36,758 - INFO - R²: 0.9653
2025-06-16 05:16:36,758 - INFO - Realizando Predicción A 7 Días...
2025-06-17 05:13:15,164 - INFO - Iniciando Entrenamiento Del Modelo LSTM...
2025-06-17 05:15:07,409 - INFO - RMSE: 5.8230
2025-06-17 05:15:07,409 - INFO - MAE: 4.7502
2025-06-17 05:15:07,410 - INFO - MAPE: 1.87%
2025-06-17 05:15:07,410 - INFO - R²: 0.9959
2025-06-17 05:15:07,410 - INFO - Realizando Predicción A 7 Días...
2025-06-18 05:13:58,468 - INFO - Iniciando Entrenamiento Del Modelo LSTM...
2025-06-18 05:15:10,738 - INFO - RMSE: 13.8981
2025-06-18 05:15:10,738 - INFO - MAE: 13.0234
2025-06-18 05:15:10,738 - INFO - MAPE: 4.56%
2025-06-18 05:15:10,738 - INFO - R²: 0.9769
2025-06-18 05:15:10,738 - INFO - Realizando Predicción A 7 Días...
2025-06-19 05:13:14,952 - INFO - Iniciando Entrenamiento Del Modelo LSTM...
2025-06-19 05:14:27,403 - INFO - RMSE: 16.8789
2025-06-19 05:14:27,403 - INFO - MAE: 15.7562
2025-06-19 05:14:27,403 - INFO - MAPE: 5.35%
2025-06-19 05:14:27,403 - INFO - R²: 0.9659
2025-06-19 05:14:27,403 - INFO - Realizando Predicción A 7 Días...
2025-06-20 05:14:11,131 - INFO - Iniciando Entrenamiento Del Modelo LSTM...
2025-06-20 05:16:12,362 - INFO - RMSE: 11.5781
2025-06-20 05:16:12,362 - INFO - MAE: 10.8590
2025-06-20 05:16:12,362 - INFO - MAPE: 4.02%
2025-06-20 05:16:12,362 - INFO - R²: 0.9839
2025-06-20 05:16:12,362 - INFO - Realizando Predicción A 7 Días...
2025-06-21 05:11:57,971 - INFO - Iniciando Entrenamiento Del Modelo LSTM...
2025-06-21 05:12:43,715 - INFO - RMSE: 11.7791
2025-06-21 05:12:43,715 - INFO - MAE: 10.7637
2025-06-21 05:12:43,715 - INFO - MAPE: 3.75%
2025-06-21 05:12:43,715 - INFO - R²: 0.9834
2025-06-21 05:12:43,715 - INFO - Realizando Predicción A 7 Días...
2025-06-22 05:13:12,816 - INFO - Iniciando Entrenamiento Del Modelo LSTM...
2025-06-22 05:14:27,603 - INFO - RMSE: 42.5131
2025-06-22 05:14:27,604 - INFO - MAE: 39.6285
2025-06-22 05:14:27,604 - INFO - MAPE: 13.13%
2025-06-22 05:14:27,604 - INFO - R²: 0.7839
2025-06-22 05:14:27,604 - INFO - Realizando Predicción A 7 Días...
2025-06-23 05:15:39,347 - INFO - Iniciando Entrenamiento Del Modelo LSTM...
2025-06-23 05:17:26,593 - INFO - RMSE: 11.4537
2025-06-23 05:17:26,593 - INFO - MAE: 10.7086
2025-06-23 05:17:26,593 - INFO - MAPE: 3.84%
2025-06-23 05:17:26,594 - INFO - R²: 0.9843
2025-06-23 05:17:26,594 - INFO - Realizando Predicción A 7 Días...
2025-06-24 05:15:31,074 - INFO - Iniciando Entrenamiento Del Modelo LSTM...
2025-06-24 05:17:23,119 - INFO - RMSE: 24.5084
2025-06-24 05:17:23,119 - INFO - MAE: 22.2493
2025-06-24 05:17:23,119 - INFO - MAPE: 7.24%
2025-06-24 05:17:23,119 - INFO - R²: 0.9283
2025-06-24 05:17:23,120 - INFO - Realizando Predicción A 7 Días...
2025-06-25 05:15:00,668 - INFO - Iniciando Entrenamiento Del Modelo LSTM...
2025-06-25 05:16:24,977 - INFO - RMSE: 28.6131
2025-06-25 05:16:24,977 - INFO - MAE: 26.5083
2025-06-25 05:16:24,977 - INFO - MAPE: 8.76%
2025-06-25 05:16:24,977 - INFO - R²: 0.9024
2025-06-25 05:16:24,977 - INFO - Realizando Predicción A 7 Días...
2025-06-26 05:14:06,450 - INFO - Iniciando Entrenamiento Del Modelo LSTM...
2025-06-26 05:15:19,162 - INFO - RMSE: 12.1567
2025-06-26 05:15:19,162 - INFO - MAE: 11.3868
2025-06-26 05:15:19,163 - INFO - MAPE: 4.17%
2025-06-26 05:15:19,163 - INFO - R²: 0.9824
2025-06-26 05:15:19,163 - INFO - Realizando Predicción A 7 Días...
2025-06-27 05:14:06,488 - INFO - Iniciando Entrenamiento Del Modelo LSTM...
2025-06-27 05:15:49,789 - INFO - RMSE: 23.7596
2025-06-27 05:15:49,789 - INFO - MAE: 22.4270
2025-06-27 05:15:49,789 - INFO - MAPE: 7.58%
2025-06-27 05:15:49,789 - INFO - R²: 0.9329
2025-06-27 05:15:49,790 - INFO - Realizando Predicción A 7 Días...
2025-06-28 05:13:12,811 - INFO - Iniciando Entrenamiento Del Modelo LSTM...
2025-06-28 05:14:35,579 - INFO - RMSE: 35.6223
2025-06-28 05:14:35,579 - INFO - MAE: 34.2696
2025-06-28 05:14:35,579 - INFO - MAPE: 11.78%
2025-06-28 05:14:35,579 - INFO - R²: 0.8492
2025-06-28 05:14:35,579 - INFO - Realizando Predicción A 7 Días...
2025-06-29 05:17:05,476 - INFO - Iniciando Entrenamiento Del Modelo LSTM...
2025-06-29 05:18:18,186 - INFO - RMSE: 7.3012
2025-06-29 05:18:18,186 - INFO - MAE: 6.4308
2025-06-29 05:18:18,187 - INFO - MAPE: 2.39%
2025-06-29 05:18:18,187 - INFO - R²: 0.9937
2025-06-29 05:18:18,187 - INFO - Realizando Predicción A 7 Días...
2025-06-30 05:15:44,855 - INFO - Iniciando Entrenamiento Del Modelo LSTM...
2025-06-30 05:17:21,203 - INFO - RMSE: 19.1925
2025-06-30 05:17:21,203 - INFO - MAE: 16.8764
2025-06-30 05:17:21,203 - INFO - MAPE: 5.34%
2025-06-30 05:17:21,203 - INFO - R²: 0.9562
2025-06-30 05:17:21,203 - INFO - Realizando Predicción A 7 Días...
2025-07-01 05:17:33,184 - INFO - Iniciando Entrenamiento Del Modelo LSTM...
2025-07-01 05:19:24,387 - INFO - RMSE: 6.6640
2025-07-01 05:19:24,388 - INFO - MAE: 5.3768
2025-07-01 05:19:24,388 - INFO - MAPE: 1.95%
2025-07-01 05:19:24,388 - INFO - R²: 0.9947
2025-07-01 05:19:24,388 - INFO - Realizando Predicción A 7 Días...
2025-07-02 05:15:35,597 - INFO - Iniciando Entrenamiento Del Modelo LSTM...
2025-07-02 05:16:28,732 - INFO - RMSE: 28.2198
2025-07-02 05:16:28,732 - INFO - MAE: 27.4316
2025-07-02 05:16:28,732 - INFO - MAPE: 9.73%
2025-07-02 05:16:28,732 - INFO - R²: 0.9057
2025-07-02 05:16:28,733 - INFO - Realizando Predicción A 7 Días...
2025-07-03 05:16:38,988 - INFO - Iniciando Entrenamiento Del Modelo LSTM...
2025-07-03 05:17:57,029 - INFO - RMSE: 10.0547
2025-07-03 05:17:57,029 - INFO - MAE: 9.2575
2025-07-03 05:17:57,029 - INFO - MAPE: 3.32%
2025-07-03 05:17:57,029 - INFO - R²: 0.9880
2025-07-03 05:17:57,030 - INFO - Realizando Predicción A 7 Días...
2025-07-04 05:15:20,497 - INFO - Iniciando Entrenamiento Del Modelo LSTM...
2025-07-04 05:16:36,084 - INFO - RMSE: 33.9180
2025-07-04 05:16:36,084 - INFO - MAE: 32.3514
2025-07-04 05:16:36,084 - INFO - MAPE: 10.96%
2025-07-04 05:16:36,084 - INFO - R²: 0.8641
2025-07-04 05:16:36,084 - INFO - Realizando Predicción A 7 Días...
2025-07-05 05:12:21,354 - INFO - Iniciando Entrenamiento Del Modelo LSTM...
2025-07-05 05:13:26,376 - INFO - RMSE: 6.4132
2025-07-05 05:13:26,376 - INFO - MAE: 5.1508
2025-07-05 05:13:26,377 - INFO - MAPE: 1.88%
2025-07-05 05:13:26,377 - INFO - R²: 0.9951
2025-07-05 05:13:26,377 - INFO - Realizando Predicción A 7 Días...
2025-07-06 05:13:21,368 - INFO - Iniciando Entrenamiento Del Modelo LSTM...
2025-07-06 05:14:39,692 - INFO - RMSE: 11.0495
2025-07-06 05:14:39,692 - INFO - MAE: 10.2056
2025-07-06 05:14:39,692 - INFO - MAPE: 3.90%
2025-07-06 05:14:39,692 - INFO - R²: 0.9856
2025-07-06 05:14:39,692 - INFO - Realizando Predicción A 7 Días...
2025-07-07 05:16:21,290 - INFO - Iniciando Entrenamiento Del Modelo LSTM...
2025-07-07 05:18:20,374 - INFO - RMSE: 7.3506
2025-07-07 05:18:20,374 - INFO - MAE: 6.4704
2025-07-07 05:18:20,374 - INFO - MAPE: 2.37%
2025-07-07 05:18:20,374 - INFO - R²: 0.9936
2025-07-07 05:18:20,375 - INFO - Realizando Predicción A 7 Días...
2025-07-08 05:14:54,174 - INFO - Iniciando Entrenamiento Del Modelo LSTM...
2025-07-08 05:15:45,399 - INFO - RMSE: 12.6008
2025-07-08 05:15:45,400 - INFO - MAE: 11.6963
2025-07-08 05:15:45,400 - INFO - MAPE: 4.20%
2025-07-08 05:15:45,400 - INFO - R²: 0.9813
2025-07-08 05:15:45,400 - INFO - Realizando Predicción A 7 Días...
